<?xml version="1.0" encoding="UTF-8"?>
<!-- Generated by org.testng.reporters.JUnitReportReporter -->
<testsuite hostname="david" failures="0" tests="2" name="com.TestNg_concepts.IgnoreTest" time="0.019" errors="0" timestamp="2024-08-15T12:03:09 IST" skipped="1">
  <testcase classname="com.TestNg_concepts.IgnoreTest" name="bookmyshow" time="0.019"/>
  <system-out/>
  <testcase classname="com.TestNg_concepts.IgnoreTest" name="fb">
    <skipped/>
  </testcase> <!-- fb -->
  <system-out/>
</testsuite> <!-- com.TestNg_concepts.IgnoreTest -->
