<?xml version="1.0" encoding="UTF-8"?>
<!-- Generated by org.testng.reporters.JUnitReportReporter -->
<testsuite hostname="david" failures="0" tests="1" name="com.TestNg_concepts.SimpleAnnotations" time="0.013" errors="0" timestamp="2024-08-15T11:56:30 IST" skipped="0">
  <testcase classname="com.TestNg_concepts.SimpleAnnotations" name="orderSamsung" time="0.013"/>
  <system-out/>
</testsuite> <!-- com.TestNg_concepts.SimpleAnnotations -->
