<?xml version="1.0" encoding="UTF-8"?>
<!-- Generated by org.testng.reporters.JUnitReportReporter -->
<testsuite hostname="david" failures="0" tests="5" name="com.TestNg_concepts.Dependencytest" time="0.023" errors="0" timestamp="2024-08-15T13:03:43 IST" skipped="0">
  <testcase classname="com.TestNg_concepts.Dependencytest" name="orderSamsung" time="0.002"/>
  <system-out/>
  <testcase classname="com.TestNg_concepts.Dependencytest" name="search" time="0.001"/>
  <system-out/>
  <testcase classname="com.TestNg_concepts.Dependencytest" name="browserlaunch" time="0.017"/>
  <system-out/>
  <testcase classname="com.TestNg_concepts.Dependencytest" name="login" time="0.001"/>
  <system-out/>
  <testcase classname="com.TestNg_concepts.Dependencytest" name="url" time="0.002"/>
  <system-out/>
</testsuite> <!-- com.TestNg_concepts.Dependencytest -->
