<?xml version="1.0" encoding="UTF-8"?>
<!-- Generated by org.testng.reporters.JUnitReportReporter -->
<testsuite hostname="david" failures="0" tests="4" name="com.TestNg_concepts.PriorityTest" time="0.022" errors="0" timestamp="2024-08-15T12:11:34 IST" skipped="0">
  <testcase classname="com.TestNg_concepts.PriorityTest" name="insta" time="0.017"/>
  <system-out/>
  <testcase classname="com.TestNg_concepts.PriorityTest" name="myntra" time="0.002"/>
  <system-out/>
  <testcase classname="com.TestNg_concepts.PriorityTest" name="fb" time="0.001"/>
  <system-out/>
  <testcase classname="com.TestNg_concepts.PriorityTest" name="bookmyshow" time="0.002"/>
  <system-out/>
</testsuite> <!-- com.TestNg_concepts.PriorityTest -->
