<?xml version="1.0" encoding="UTF-8"?>
<!-- Generated by org.testng.reporters.JUnitReportReporter -->
<testsuite hostname="david" failures="0" tests="14" name="com.TestNg_concepts.InvocationTest" time="0.041" errors="0" timestamp="2024-08-15T12:23:30 IST" skipped="0">
  <testcase classname="com.TestNg_concepts.InvocationTest" name="fb" time="0.001"/>
  <system-out/>
  <testcase classname="com.TestNg_concepts.InvocationTest" name="fb" time="0.001"/>
  <system-out/>
  <testcase classname="com.TestNg_concepts.InvocationTest" name="fb" time="0.014"/>
  <system-out/>
  <testcase classname="com.TestNg_concepts.InvocationTest" name="fb" time="0.001"/>
  <system-out/>
  <testcase classname="com.TestNg_concepts.InvocationTest" name="fb" time="0.002"/>
  <system-out/>
  <testcase classname="com.TestNg_concepts.InvocationTest" name="fb" time="0.012"/>
  <system-out/>
  <testcase classname="com.TestNg_concepts.InvocationTest" name="fb" time="0.001"/>
  <system-out/>
  <testcase classname="com.TestNg_concepts.InvocationTest" name="fb" time="0.001"/>
  <system-out/>
  <testcase classname="com.TestNg_concepts.InvocationTest" name="fb" time="0.003"/>
  <system-out/>
  <testcase classname="com.TestNg_concepts.InvocationTest" name="fb" time="0.000"/>
  <system-out/>
  <testcase classname="com.TestNg_concepts.InvocationTest" name="fb" time="0.001"/>
  <system-out/>
  <testcase classname="com.TestNg_concepts.InvocationTest" name="fb" time="0.001"/>
  <system-out/>
  <testcase classname="com.TestNg_concepts.InvocationTest" name="fb" time="0.002"/>
  <system-out/>
  <testcase classname="com.TestNg_concepts.InvocationTest" name="fb" time="0.001"/>
  <system-out/>
</testsuite> <!-- com.TestNg_concepts.InvocationTest -->
