<?xml version="1.0" encoding="UTF-8"?>
<!-- Generated by org.testng.reporters.JUnitReportReporter -->
<testsuite hostname="david" failures="0" tests="1" name="com.DatadrivenTesting.WriteData" time="0.751" errors="0" timestamp="2024-08-16T14:49:24 IST" skipped="0">
  <testcase classname="com.DatadrivenTesting.WriteData" name="writeData" time="0.751"/>
  <system-out/>
</testsuite> <!-- com.DatadrivenTesting.WriteData -->
