<?xml version="1.0" encoding="UTF-8"?>
<!-- Generated by org.testng.reporters.JUnitReportReporter -->
<testsuite hostname="david" failures="0" tests="2" name="com.TestNg_concepts.Timeout_ExceptionTEST" time="2.029" errors="0" timestamp="2024-08-15T12:27:50 IST" skipped="0">
  <testcase classname="com.TestNg_concepts.Timeout_ExceptionTEST" name="myntra" time="0.002"/>
  <system-out/>
  <testcase classname="com.TestNg_concepts.Timeout_ExceptionTEST" name="fb" time="2.027"/>
  <system-out/>
</testsuite> <!-- com.TestNg_concepts.Timeout_ExceptionTEST -->
