<?xml version="1.0" encoding="UTF-8"?>
<!-- Generated by org.testng.reporters.JUnitReportReporter -->
<testsuite hostname="david" failures="0" tests="1" name="com.DatadrivenTesting.Readparticulardata1" time="0.778" errors="0" timestamp="2024-08-16T12:35:37 IST" skipped="0">
  <testcase classname="com.DatadrivenTesting.Readparticulardata1" name="readpartdata" time="0.778"/>
  <system-out/>
</testsuite> <!-- com.DatadrivenTesting.Readparticulardata1 -->
