<?xml version="1.0" encoding="UTF-8"?>
<!-- Generated by org.testng.reporters.JUnitReportReporter -->
<testsuite hostname="david" failures="0" tests="6" name="com.TestNg_concepts.GroupTest" time="0.019" errors="0" timestamp="2024-08-15T13:16:56 IST" skipped="0">
  <testcase classname="com.TestNg_concepts.GroupTest" name="vivo" time="0.002"/>
  <system-out/>
  <testcase classname="com.TestNg_concepts.GroupTest" name="dell" time="0.011"/>
  <system-out/>
  <testcase classname="com.TestNg_concepts.GroupTest" name="iphone" time="0.002"/>
  <system-out/>
  <testcase classname="com.TestNg_concepts.GroupTest" name="lenova" time="0.001"/>
  <system-out/>
  <testcase classname="com.TestNg_concepts.GroupTest" name="hp" time="0.001"/>
  <system-out/>
  <testcase classname="com.TestNg_concepts.GroupTest" name="samsung" time="0.002"/>
  <system-out/>
</testsuite> <!-- com.TestNg_concepts.GroupTest -->
