<?xml version="1.0" encoding="UTF-8"?>
<!-- Generated by org.testng.reporters.JUnitReportReporter -->
<testsuite hostname="david" failures="0" tests="1" name="com.DatadrivenTesting.AllData" time="0.848" errors="0" timestamp="2024-08-16T14:34:32 IST" skipped="0">
  <testcase classname="com.DatadrivenTesting.AllData" name="ReadAllData" time="0.848"/>
  <system-out/>
</testsuite> <!-- com.DatadrivenTesting.AllData -->
