<?xml version="1.0" encoding="UTF-8"?>
<!-- Generated by org.testng.reporters.JUnitReportReporter -->
<testsuite hostname="david" failures="0" tests="3" name="com.TestNg_concepts.CrossBrowserTest" time="14.961" errors="0" timestamp="2024-08-15T12:58:05 IST" skipped="0">
  <testcase classname="com.TestNg_concepts.CrossBrowserTest" name="bookmyshow" time="6.390"/>
  <system-out/>
  <testcase classname="com.TestNg_concepts.CrossBrowserTest" name="fb" time="2.136"/>
  <system-out/>
  <testcase classname="com.TestNg_concepts.CrossBrowserTest" name="instaa" time="6.435"/>
  <system-out/>
</testsuite> <!-- com.TestNg_concepts.CrossBrowserTest -->
