<?xml version="1.0" encoding="UTF-8"?>
<!-- Generated by org.testng.reporters.JUnitReportReporter -->
<testsuite hostname="david" failures="0" tests="4" name="com.TestNg_concepts.ParameterTest" time="19.645" errors="0" timestamp="2024-08-19T11:11:42 IST" skipped="0">
  <testcase classname="com.TestNg_concepts.ParameterTest" name="loginTest" time="4.394"/>
  <system-out/>
  <testcase classname="com.TestNg_concepts.ParameterTest" name="loginTest" time="6.347"/>
  <system-out/>
  <testcase classname="com.TestNg_concepts.ParameterTest" name="loginTest" time="4.436"/>
  <system-out/>
  <testcase classname="com.TestNg_concepts.ParameterTest" name="loginTest" time="4.468"/>
  <system-out/>
</testsuite> <!-- com.TestNg_concepts.ParameterTest -->
